0 info it worked if it ends with ok
1 verbose cli [ 'S:\\Software\\node.js\\node.exe',
1 verbose cli   'C:\\Users\\sunci\\AppData\\Roaming\\npm\\node_modules\\npm\\bin\\npm-cli.js',
1 verbose cli   'start' ]
2 info using npm@3.10.7
3 info using node@v4.5.0
4 verbose run-script [ 'prestart', 'start', 'poststart' ]
5 info lifecycle dashboardServer@0.1.0~prestart: dashboardServer@0.1.0
6 silly lifecycle dashboardServer@0.1.0~prestart: no script for prestart, continuing
7 info lifecycle dashboardServer@0.1.0~start: dashboardServer@0.1.0
8 verbose lifecycle dashboardServer@0.1.0~start: unsafe-perm in lifecycle true
9 verbose lifecycle dashboardServer@0.1.0~start: PATH: C:\Users\sunci\AppData\Roaming\npm\node_modules\npm\bin\node-gyp-bin;C:\Users\sunci\OneDrive\Documents\Cihai Sun Cite\technomax\UI101_week4_Cihai_Sun\dashboard-11.1\dashboardServer\node_modules\.bin;C:\Users\sunci\bin;C:\Program Files\Git\mingw64\bin;C:\Program Files\Git\usr\local\bin;C:\Program Files\Git\usr\bin;C:\Program Files\Git\usr\bin;C:\Program Files\Git\mingw64\bin;C:\Program Files\Git\usr\bin;C:\Users\sunci\bin;C:\ProgramData\Oracle\Java\javapath;C:\Program Files (x86)\Intel\iCLS Client;C:\Program Files\Intel\iCLS Client;C:\WINDOWS\system32;C:\WINDOWS;C:\WINDOWS\System32\Wbem;C:\WINDOWS\System32\WindowsPowerShell\v1.0;C:\Program Files (x86)\ATI Technologies\ATI.ACE\Core-Static;C:\Program Files (x86)\Intel\Intel(R) Management Engine Components\DAL;C:\Program Files\Intel\Intel(R) Management Engine Components\DAL;C:\Program Files (x86)\Intel\Intel(R) Management Engine Components\IPT;C:\Program Files\Intel\Intel(R) Management Engine Components\IPT;C:\Program Files\Java\jdk1.8.0_65\bin;C:\ProgramData\Oracle\Java\javapath;C:\Program Files (x86)\Intel\iCLS Client;C:\Program Files\Intel\iCLS Client;C:\WINDOWS\system32;C:\WINDOWS;C:\WINDOWS\System32\Wbem;C:\WINDOWS\System32\WindowsPowerShell\v1.0;C:\Program Files (x86)\ATI Technologies\ATI.ACE\Core-Static;C:\Program Files (x86)\Intel\Intel(R) Management Engine Components\DAL;C:\Program Files\Intel\Intel(R) Management Engine Components\DAL;C:\Program Files (x86)\Intel\Intel(R) Management Engine Components\IPT;C:\Program Files\Intel\Intel(R) Management Engine Components\IPT;C:\Program Files\Java\jdk1.8.0_65\bin;C:\ProgramData\Oracle\Java\javapath;C:\Program Files (x86)\Intel\iCLS Client;C:\Program Files\Intel\iCLS Client;C:\WINDOWS\system32;C:\WINDOWS;C:\WINDOWS\System32\Wbem;C:\WINDOWS\System32\WindowsPowerShell\v1.0;C:\Program Files (x86)\ATI Technologies\ATI.ACE\Core-Static;C:\Program Files (x86)\Intel\Intel(R) Management Engine Components\DAL;C:\Program Files\Intel\Intel(R) Management Engine Components\DAL;C:\Program Files (x86)\Intel\Intel(R) Management Engine Components\IPT;C:\Program Files\Intel\Intel(R) Management Engine Components\IPT;C:\Program Files\Java\jdk1.8.0_65\bin;C:\WINDOWS\System32;C:\Program Files (x86)\QuickTime\QTSystem;C:\Program Files (x86)\Common Files\Ulead Systems\MPEG;C:\Program Files\Intel\WiFi\bin;C:\Program Files\Common Files\Intel\WirelessCommon;C:\Program Files (x86)\Skype\Phone;C:\Program Files (x86)\GtkSharp\2.12\bin;%USERPROFILE%\.dnx\bin;C:\Program Files\Microsoft DNX\Dnvm;C:\Program Files\Microsoft SQL Server\130\Tools\Binn;C:\Program Files\Git\cmd;S:\Software\node.js;C:\Program Files (x86)\QuickTime\QTSystem;C:\Program Files (x86)\Common Files\Ulead Systems\MPEG;C:\Program Files\Intel\WiFi\bin;C:\Program Files\Common Files\Intel\WirelessCommon;C:\Program Files (x86)\Skype\Phone;C:\Program Files (x86)\GtkSharp\2.12\bin;%USERPROFILE%\.dnx\bin;C:\Program Files\Microsoft DNX\Dnvm;C:\Program Files\Microsoft SQL Server\130\Tools\Binn;C:\Program Files\Git\cmd;S:\Software\node.js;C:\Program Files (x86)\QuickTime\QTSystem;C:\Program Files (x86)\Common Files\Ulead Systems\MPEG;C:\Program Files\Intel\WiFi\bin;C:\Program Files\Common Files\Intel\WirelessCommon;C:\Program Files (x86)\Skype\Phone;C:\Program Files (x86)\GtkSharp\2.12\bin;C:\WINDOWS\system32\config\systemprofile\.dnx\bin;C:\Program Files\Microsoft DNX\Dnvm;C:\Program Files\Microsoft SQL Server\130\Tools\Binn;C:\Program Files\Git\cmd;S:\Software\node.js;S:\Software\Ruby23-x64\bin;C:\AppServ\Apache24\bin;C:\AppServ\php5;C:\AppServ\MySQL\bin;C:\Users\sunci\AppData\Roaming\npm;C:\Program Files\Git\usr\bin\vendor_perl;C:\Program Files\Git\usr\bin\core_perl
10 verbose lifecycle dashboardServer@0.1.0~start: CWD: C:\Users\sunci\OneDrive\Documents\Cihai Sun Cite\technomax\UI101_week4_Cihai_Sun\dashboard-11.1\dashboardServer
11 silly lifecycle dashboardServer@0.1.0~start: Args: [ '/d /s /c', 'node ./bin/www' ]
12 silly lifecycle dashboardServer@0.1.0~start: Returned: code: 1  signal: null
13 info lifecycle dashboardServer@0.1.0~start: Failed to exec start script
14 verbose stack Error: dashboardServer@0.1.0 start: `node ./bin/www`
14 verbose stack Exit status 1
14 verbose stack     at EventEmitter.<anonymous> (C:\Users\sunci\AppData\Roaming\npm\node_modules\npm\lib\utils\lifecycle.js:255:16)
14 verbose stack     at emitTwo (events.js:87:13)
14 verbose stack     at EventEmitter.emit (events.js:172:7)
14 verbose stack     at ChildProcess.<anonymous> (C:\Users\sunci\AppData\Roaming\npm\node_modules\npm\lib\utils\spawn.js:40:14)
14 verbose stack     at emitTwo (events.js:87:13)
14 verbose stack     at ChildProcess.emit (events.js:172:7)
14 verbose stack     at maybeClose (internal/child_process.js:829:16)
14 verbose stack     at Process.ChildProcess._handle.onexit (internal/child_process.js:211:5)
15 verbose pkgid dashboardServer@0.1.0
16 verbose cwd C:\Users\sunci\OneDrive\Documents\Cihai Sun Cite\technomax\UI101_week4_Cihai_Sun\dashboard-11.1\dashboardServer
17 error Windows_NT 10.0.10586
18 error argv "S:\\Software\\node.js\\node.exe" "C:\\Users\\sunci\\AppData\\Roaming\\npm\\node_modules\\npm\\bin\\npm-cli.js" "start"
19 error node v4.5.0
20 error npm  v3.10.7
21 error code ELIFECYCLE
22 error dashboardServer@0.1.0 start: `node ./bin/www`
22 error Exit status 1
23 error Failed at the dashboardServer@0.1.0 start script 'node ./bin/www'.
23 error Make sure you have the latest version of node.js and npm installed.
23 error If you do, this is most likely a problem with the dashboardServer package,
23 error not with npm itself.
23 error Tell the author that this fails on your system:
23 error     node ./bin/www
23 error You can get information on how to open an issue for this project with:
23 error     npm bugs dashboardServer
23 error Or if that isn't available, you can get their info via:
23 error     npm owner ls dashboardServer
23 error There is likely additional logging output above.
24 verbose exit [ 1, true ]
